[32m[Nest] 25652  - [39m29/06/2026, 11:52:14 pm [32m    LOG[39m [38;5;3m[NestFactory] [39m[32mStarting Nest application...[39m
[32m[Nest] 25652  - [39m29/06/2026, 11:52:14 pm [32m    LOG[39m [38;5;3m[InstanceLoader] [39m[32mPassportModule dependencies initialized[39m[38;5;3m +26ms[39m
[32m[Nest] 25652  - [39m29/06/2026, 11:52:14 pm [32m    LOG[39m [38;5;3m[InstanceLoader] [39m[32mConfigHostModule dependencies initialized[39m[38;5;3m +2ms[39m
[32m[Nest] 25652  - [39m29/06/2026, 11:52:14 pm [32m    LOG[39m [38;5;3m[InstanceLoader] [39m[32mConfigModule dependencies initialized[39m[38;5;3m +6ms[39m
[32m[Nest] 25652  - [39m29/06/2026, 11:52:14 pm [32m    LOG[39m [38;5;3m[InstanceLoader] [39m[32mConfigModule dependencies initialized[39m[38;5;3m +1ms[39m
[32m[Nest] 25652  - [39m29/06/2026, 11:52:14 pm [32m    LOG[39m [38;5;3m[InstanceLoader] [39m[32mPrismaModule dependencies initialized[39m[38;5;3m +1ms[39m
[32m[Nest] 25652  - [39m29/06/2026, 11:52:14 pm [32m    LOG[39m [38;5;3m[InstanceLoader] [39m[32mAppModule dependencies initialized[39m[38;5;3m +1ms[39m
[32m[Nest] 25652  - [39m29/06/2026, 11:52:14 pm [32m    LOG[39m [38;5;3m[InstanceLoader] [39m[32mAiModule dependencies initialized[39m[38;5;3m +1ms[39m
[32m[Nest] 25652  - [39m29/06/2026, 11:52:14 pm [32m    LOG[39m [38;5;3m[InstanceLoader] [39m[32mJwtModule dependencies initialized[39m[38;5;3m +0ms[39m
[32m[Nest] 25652  - [39m29/06/2026, 11:52:14 pm [32m    LOG[39m [38;5;3m[InstanceLoader] [39m[32mAuthModule dependencies initialized[39m[38;5;3m +2ms[39m
[32m[Nest] 25652  - [39m29/06/2026, 11:52:14 pm [32m    LOG[39m [38;5;3m[InstanceLoader] [39m[32mUsersModule dependencies initialized[39m[38;5;3m +2ms[39m
[32m[Nest] 25652  - [39m29/06/2026, 11:52:14 pm [32m    LOG[39m [38;5;3m[InstanceLoader] [39m[32mAccountsModule dependencies initialized[39m[38;5;3m +0ms[39m
[32m[Nest] 25652  - [39m29/06/2026, 11:52:14 pm [32m    LOG[39m [38;5;3m[InstanceLoader] [39m[32mTransactionsModule dependencies initialized[39m[38;5;3m +1ms[39m
[32m[Nest] 25652  - [39m29/06/2026, 11:52:14 pm [32m    LOG[39m [38;5;3m[InstanceLoader] [39m[32mTransfersModule dependencies initialized[39m[38;5;3m +0ms[39m
[32m[Nest] 25652  - [39m29/06/2026, 11:52:14 pm [32m    LOG[39m [38;5;3m[InstanceLoader] [39m[32mInsightsModule dependencies initialized[39m[38;5;3m +1ms[39m
[32m[Nest] 25652  - [39m29/06/2026, 11:52:14 pm [32m    LOG[39m [38;5;3m[RoutesResolver] [39m[32mAppController {/}:[39m[38;5;3m +39ms[39m
[32m[Nest] 25652  - [39m29/06/2026, 11:52:14 pm [32m    LOG[39m [38;5;3m[RouterExplorer] [39m[32mMapped {/health, GET} route[39m[38;5;3m +4ms[39m
[32m[Nest] 25652  - [39m29/06/2026, 11:52:14 pm [32m    LOG[39m [38;5;3m[RoutesResolver] [39m[32mAuthController {/auth}:[39m[38;5;3m +0ms[39m
[32m[Nest] 25652  - [39m29/06/2026, 11:52:14 pm [32m    LOG[39m [38;5;3m[RouterExplorer] [39m[32mMapped {/auth/register, POST} route[39m[38;5;3m +1ms[39m
[32m[Nest] 25652  - [39m29/06/2026, 11:52:14 pm [32m    LOG[39m [38;5;3m[RouterExplorer] [39m[32mMapped {/auth/login, POST} route[39m[38;5;3m +1ms[39m
[32m[Nest] 25652  - [39m29/06/2026, 11:52:14 pm [32m    LOG[39m [38;5;3m[RoutesResolver] [39m[32mUsersController {/users}:[39m[38;5;3m +0ms[39m
[32m[Nest] 25652  - [39m29/06/2026, 11:52:14 pm [32m    LOG[39m [38;5;3m[RouterExplorer] [39m[32mMapped {/users/me, GET} route[39m[38;5;3m +2ms[39m
[32m[Nest] 25652  - [39m29/06/2026, 11:52:14 pm [32m    LOG[39m [38;5;3m[RoutesResolver] [39m[32mAccountsController {/accounts}:[39m[38;5;3m +1ms[39m
[32m[Nest] 25652  - [39m29/06/2026, 11:52:14 pm [32m    LOG[39m [38;5;3m[RouterExplorer] [39m[32mMapped {/accounts/me, GET} route[39m[38;5;3m +1ms[39m
[32m[Nest] 25652  - [39m29/06/2026, 11:52:14 pm [32m    LOG[39m [38;5;3m[RoutesResolver] [39m[32mTransfersController {/transfers}:[39m[38;5;3m +0ms[39m
[32m[Nest] 25652  - [39m29/06/2026, 11:52:14 pm [32m    LOG[39m [38;5;3m[RouterExplorer] [39m[32mMapped {/transfers, POST} route[39m[38;5;3m +1ms[39m
[32m[Nest] 25652  - [39m29/06/2026, 11:52:14 pm [32m    LOG[39m [38;5;3m[RouterExplorer] [39m[32mMapped {/transfers, GET} route[39m[38;5;3m +1ms[39m
[32m[Nest] 25652  - [39m29/06/2026, 11:52:14 pm [32m    LOG[39m [38;5;3m[RoutesResolver] [39m[32mTransactionsController {/transactions}:[39m[38;5;3m +0ms[39m
[32m[Nest] 25652  - [39m29/06/2026, 11:52:14 pm [32m    LOG[39m [38;5;3m[RouterExplorer] [39m[32mMapped {/transactions, GET} route[39m[38;5;3m +1ms[39m
[32m[Nest] 25652  - [39m29/06/2026, 11:52:14 pm [32m    LOG[39m [38;5;3m[RouterExplorer] [39m[32mMapped {/transactions/:id/category, PATCH} route[39m[38;5;3m +1ms[39m
[32m[Nest] 25652  - [39m29/06/2026, 11:52:14 pm [32m    LOG[39m [38;5;3m[RoutesResolver] [39m[32mInsightsController {/insights}:[39m[38;5;3m +0ms[39m
[32m[Nest] 25652  - [39m29/06/2026, 11:52:14 pm [32m    LOG[39m [38;5;3m[RouterExplorer] [39m[32mMapped {/insights, GET} route[39m[38;5;3m +1ms[39m
[32m[Nest] 25652  - [39m29/06/2026, 11:52:15 pm [32m    LOG[39m [38;5;3m[NestApplication] [39m[32mNest application successfully started[39m[38;5;3m +119ms[39m
